\BOOKMARK [1][-]{section.1}{\376\377\000I\000n\000t\000r\000o\000d\000u\000c\000t\000i\000o\000n}{}% 1
\BOOKMARK [2][-]{subsection.1.1}{\376\377\000W\000h\000y\000\040\000T\000h\000i\000s\000\040\000M\000a\000t\000t\000e\000r\000s\000\040\000N\000o\000w}{section.1}% 2
\BOOKMARK [1][-]{section.2}{\376\377\000D\000e\000f\000i\000n\000i\000t\000i\000o\000n\000s}{}% 3
\BOOKMARK [2][-]{subsection.2.1}{\376\377\000T\000h\000e\000\040\000D\000o\000m\000a\000i\000n\000:\000\040\000H\000u\000m\000a\000n\000\040\000\040\000A\000I}{section.2}% 4
\BOOKMARK [2][-]{subsection.2.2}{\376\377\000T\000h\000e\000\040\000C\000o\000d\000o\000m\000a\000i\000n\000:\000\040\000A\000r\000t\000i\000f\000a\000c\000t}{section.2}% 5
\BOOKMARK [2][-]{subsection.2.3}{\376\377\000T\000h\000e\000\040\000F\000u\000n\000c\000t\000i\000o\000n}{section.2}% 6
\BOOKMARK [1][-]{section.3}{\376\377\000S\000u\000r\000j\000e\000c\000t\000i\000v\000i\000t\000y\000:\000\040\000E\000v\000e\000r\000y\000\040\000A\000r\000t\000i\000f\000a\000c\000t\000\040\000C\000a\000n\000\040\000B\000e\000\040\000R\000e\000a\000c\000h\000e\000d}{}% 7
\BOOKMARK [2][-]{subsection.3.1}{\376\377\000T\000h\000e\000\040\000C\000l\000a\000i\000m}{section.3}% 8
\BOOKMARK [2][-]{subsection.3.2}{\376\377\000I\000m\000p\000l\000i\000c\000a\000t\000i\000o\000n\000s}{section.3}% 9
\BOOKMARK [1][-]{section.4}{\376\377\000N\000o\000n\000-\000I\000n\000j\000e\000c\000t\000i\000v\000i\000t\000y\000:\000\040\000M\000u\000l\000t\000i\000p\000l\000e\000\040\000P\000a\000t\000h\000s\000\040\000t\000o\000\040\000t\000h\000e\000\040\000S\000a\000m\000e\000\040\000P\000l\000a\000c\000e}{}% 10
\BOOKMARK [2][-]{subsection.4.1}{\376\377\000T\000h\000e\000\040\000C\000l\000a\000i\000m}{section.4}% 11
\BOOKMARK [2][-]{subsection.4.2}{\376\377\000F\000o\000r\000m\000s\000\040\000o\000f\000\040\000N\000o\000n\000-\000I\000n\000j\000e\000c\000t\000i\000v\000i\000t\000y}{section.4}% 12
\BOOKMARK [2][-]{subsection.4.3}{\376\377\000I\000m\000p\000l\000i\000c\000a\000t\000i\000o\000n\000s}{section.4}% 13
\BOOKMARK [1][-]{section.5}{\376\377\000W\000h\000a\000t\000\040\000f\000\040\000I\000s\000\040\000N\000o\000t}{}% 14
\BOOKMARK [2][-]{subsection.5.1}{\376\377\000N\000o\000t\000\040\000a\000\040\000S\000u\000m}{section.5}% 15
\BOOKMARK [2][-]{subsection.5.2}{\376\377\000N\000o\000t\000\040\000a\000\040\000C\000o\000m\000p\000o\000s\000i\000t\000i\000o\000n}{section.5}% 16
\BOOKMARK [2][-]{subsection.5.3}{\376\377\000N\000o\000t\000\040\000C\000o\000m\000m\000u\000t\000a\000t\000i\000v\000e}{section.5}% 17
\BOOKMARK [1][-]{section.6}{\376\377\000T\000h\000e\000\040\000F\000i\000b\000e\000r\000:\000\040\000P\000a\000t\000h\000s\000\040\000t\000o\000\040\000a\000\040\000S\000i\000n\000g\000l\000e\000\040\000A\000r\000t\000i\000f\000a\000c\000t}{}% 18
\BOOKMARK [2][-]{subsection.6.1}{\376\377\000D\000e\000f\000i\000n\000i\000t\000i\000o\000n}{section.6}% 19
\BOOKMARK [2][-]{subsection.6.2}{\376\377\000F\000i\000b\000e\000r\000\040\000S\000t\000r\000u\000c\000t\000u\000r\000e}{section.6}% 20
\BOOKMARK [2][-]{subsection.6.3}{\376\377\000T\000h\000e\000\040\000Q\000u\000e\000s\000t\000i\000o\000n}{section.6}% 21
\BOOKMARK [1][-]{section.7}{\376\377\000T\000h\000e\000\040\000K\000e\000r\000n\000e\000l\000:\000\040\000W\000h\000a\000t\000\040\000G\000e\000t\000s\000\040\000L\000o\000s\000t}{}% 22
\BOOKMARK [2][-]{subsection.7.1}{\376\377\000D\000e\000f\000i\000n\000i\000t\000i\000o\000n}{section.7}% 23
\BOOKMARK [2][-]{subsection.7.2}{\376\377\000W\000h\000a\000t\000\040\000L\000i\000v\000e\000s\000\040\000i\000n\000\040\000t\000h\000e\000\040\000K\000e\000r\000n\000e\000l}{section.7}% 24
\BOOKMARK [2][-]{subsection.7.3}{\376\377\000I\000m\000p\000l\000i\000c\000a\000t\000i\000o\000n\000s\000\040\000f\000o\000r\000\040\000C\000r\000e\000d\000i\000t\000\040\000a\000n\000d\000\040\000A\000t\000t\000r\000i\000b\000u\000t\000i\000o\000n}{section.7}% 25
\BOOKMARK [1][-]{section.8}{\376\377\000F\000i\000x\000e\000d\000\040\000P\000o\000i\000n\000t\000s\000\040\000a\000n\000d\000\040\000I\000n\000v\000a\000r\000i\000a\000n\000t\000s}{}% 26
\BOOKMARK [2][-]{subsection.8.1}{\376\377\000F\000i\000x\000e\000d\000\040\000P\000o\000i\000n\000t\000s}{section.8}% 27
\BOOKMARK [2][-]{subsection.8.2}{\376\377\000I\000n\000v\000a\000r\000i\000a\000n\000t\000s}{section.8}% 28
\BOOKMARK [1][-]{section.9}{\376\377\000E\000x\000t\000e\000n\000s\000i\000o\000n\000s\000\040\000a\000n\000d\000\040\000O\000p\000e\000n\000\040\000Q\000u\000e\000s\000t\000i\000o\000n\000s}{}% 29
\BOOKMARK [2][-]{subsection.9.1}{\376\377\000T\000h\000e\000\040\000I\000t\000e\000r\000a\000t\000e\000d\000\040\000F\000u\000n\000c\000t\000i\000o\000n}{section.9}% 30
\BOOKMARK [2][-]{subsection.9.2}{\376\377\000T\000h\000e\000\040\000I\000n\000v\000e\000r\000s\000e\000\040\000P\000r\000o\000b\000l\000e\000m}{section.9}% 31
\BOOKMARK [2][-]{subsection.9.3}{\376\377\000T\000h\000e\000\040\000E\000m\000p\000t\000y\000\040\000H\000u\000m\000a\000n\000,\000\040\000T\000h\000e\000\040\000E\000m\000p\000t\000y\000\040\000A\000I}{section.9}% 32
\BOOKMARK [2][-]{subsection.9.4}{\376\377\000C\000o\000n\000s\000c\000i\000o\000u\000s\000n\000e\000s\000s\000\040\000a\000n\000d\000\040\000t\000h\000e\000\040\000P\000r\000i\000o\000r}{section.9}% 33
\BOOKMARK [2][-]{subsection.9.5}{\376\377\000S\000y\000m\000m\000e\000t\000r\000y\000\040\000a\000n\000d\000\040\000A\000s\000y\000m\000m\000e\000t\000r\000y}{section.9}% 34
\BOOKMARK [1][-]{section.10}{\376\377\000E\000m\000p\000i\000r\000i\000c\000a\000l\000\040\000G\000r\000o\000u\000n\000d\000i\000n\000g\000:\000\040\000T\000h\000i\000s\000\040\000P\000a\000p\000e\000r\000\040\000a\000s\000\040\000E\000x\000a\000m\000p\000l\000e}{}% 35
\BOOKMARK [1][-]{section.11}{\376\377\000I\000m\000p\000l\000i\000c\000a\000t\000i\000o\000n\000s\000\040\000f\000o\000r\000\040\000P\000r\000a\000c\000t\000i\000c\000e}{}% 36
\BOOKMARK [2][-]{subsection.11.1}{\376\377\000F\000o\000r\000\040\000C\000r\000e\000a\000t\000o\000r\000s}{section.11}% 37
\BOOKMARK [2][-]{subsection.11.2}{\376\377\000F\000o\000r\000\040\000C\000r\000i\000t\000i\000c\000s}{section.11}% 38
\BOOKMARK [2][-]{subsection.11.3}{\376\377\000F\000o\000r\000\040\000P\000o\000l\000i\000c\000y\000m\000a\000k\000e\000r\000s}{section.11}% 39
\BOOKMARK [1][-]{section.12}{\376\377\000T\000h\000e\000\040\000M\000e\000t\000a\000-\000L\000e\000v\000e\000l\000:\000\040\000S\000e\000l\000f\000-\000R\000e\000f\000e\000r\000e\000n\000c\000e}{}% 40
\BOOKMARK [1][-]{section.13}{\376\377\000C\000o\000n\000c\000l\000u\000s\000i\000o\000n}{}% 41
\BOOKMARK [1][-]{appendix.A}{\376\377\000N\000o\000t\000a\000t\000i\000o\000n}{}% 42
\BOOKMARK [1][-]{appendix.B}{\376\377\000V\000i\000s\000u\000a\000l\000\040\000S\000c\000h\000e\000m\000a}{}% 43
\BOOKMARK [1][-]{appendix.C}{\376\377\000T\000h\000e\000\040\000C\000o\000l\000l\000a\000b\000o\000r\000a\000t\000i\000o\000n\000\040\000T\000h\000a\000t\000\040\000P\000r\000o\000d\000u\000c\000e\000d\000\040\000T\000h\000i\000s\000\040\000P\000a\000p\000e\000r}{}% 44
